============================================================
 SAMPLE OUTPUT  -  traffic_monitor_report.log
============================================================
 This is a representative sample of the report file produced
 by traffic_monitor.py when the full Mininet + POX setup is
 running on an Ubuntu VM. Timestamps / MACs will vary.
============================================================

======================================================================
 SDN Traffic Monitoring Report - started 2026-04-17 14:22:05
======================================================================

======================================================================
  TRAFFIC REPORT  @  14:22:10
======================================================================

>> Switch 00-00-00-00-00-01
   [ Flow Table ]  0 active flow(s)
   [ Port Stats ]
      Port   RX_pkts    TX_pkts    RX_bytes     TX_bytes     Errors
      1      0          0          0            0            0
      2      0          0          0            0            0
      3      0          0          0            0            0
      4      0          0          0            0            0

======================================================================
  TRAFFIC REPORT  @  14:22:25
======================================================================

>> Switch 00-00-00-00-00-01
   [ Flow Table ]  6 active flow(s)
      00:00:00:00:00:01 -> 00:00:00:00:00:03  (in_port=1) pkts=12 bytes=1176 age=4s
      00:00:00:00:00:03 -> 00:00:00:00:00:01  (in_port=3) pkts=12 bytes=1176 age=4s
      00:00:00:00:00:01 -> 00:00:00:00:00:02  (in_port=1) pkts=8  bytes=784  age=3s
      00:00:00:00:00:02 -> 00:00:00:00:00:01  (in_port=2) pkts=8  bytes=784  age=3s
      00:00:00:00:00:02 -> 00:00:00:00:00:04  (in_port=2) pkts=6  bytes=588  age=2s
      00:00:00:00:00:04 -> 00:00:00:00:00:02  (in_port=4) pkts=6  bytes=588  age=2s
   [ Port Stats ]
      Port   RX_pkts    TX_pkts    RX_bytes     TX_bytes     Errors
      1      26         20         2548         1960         0
      2      22         26         2156         2548         0
      3      16         16         1568         1568         0
      4      12         12         1176         1176         0

======================================================================
  TRAFFIC REPORT  @  14:22:45   (during iperf h1 <-> h3)
======================================================================

>> Switch 00-00-00-00-00-01
   [ Flow Table ]  4 active flow(s)
      00:00:00:00:00:01 -> 00:00:00:00:00:03  (in_port=1) pkts=4821 bytes=7234512 age=5s
      00:00:00:00:00:03 -> 00:00:00:00:00:01  (in_port=3) pkts=2410 bytes=163890  age=5s
   [ Port Stats ]
      Port   RX_pkts    TX_pkts    RX_bytes     TX_bytes     Errors
      1      4850       2440       7236400      165680       0
      2      22         26         2156         2548         0
      3      2440       4850       165680       7236400      0
      4      12         12         1176         1176         0

======================================================================
  TRAFFIC REPORT  @  14:23:05   (after h4 link DOWN)
======================================================================

>> Switch 00-00-00-00-00-01
   [ Flow Table ]  2 active flow(s)
      00:00:00:00:00:01 -> 00:00:00:00:00:03  (in_port=1) pkts=18 bytes=1764 age=3s
      00:00:00:00:00:03 -> 00:00:00:00:00:01  (in_port=3) pkts=18 bytes=1764 age=3s
   [ Port Stats ]
      Port   RX_pkts    TX_pkts    RX_bytes     TX_bytes     Errors
      1      4874       2458       7238164      167444       0
      2      22         26         2156         2548         0
      3      2458       4874       167444       7238164      0
      4      12         12         1176         1176         0    <-- frozen

======================================================================
  TRAFFIC REPORT  @  14:23:25   (after h4 link UP - recovery)
======================================================================

>> Switch 00-00-00-00-00-01
   [ Flow Table ]  12 active flow(s)  -- full pingall flows
   [ Port Stats ]  all ports active, rx/tx climbing on port 4 again
